<?xml version="1.0" encoding="UTF-8"?>
<!-- Generated by org.testng.reporters.JUnitReportReporter -->
<testsuite name="samplepackage.EdgeBrowser" tests="3" time="7.983" ignored="0" failures="0" timestamp="18 Dec 2017 08:07:38 GMT" skipped="0" hostname="Gsshyd-ws-72d" errors="0">
  <testcase name="closeBrowser" time="2.543" classname="samplepackage.EdgeBrowser"/>
  <testcase name="openEdgeBrowser" time="2.111" classname="samplepackage.EdgeBrowser"/>
  <testcase name="launchBrowser" time="3.329" classname="samplepackage.EdgeBrowser"/>
</testsuite> <!-- samplepackage.EdgeBrowser -->
