<?xml version="1.0" encoding="UTF-8"?>
<!-- Generated by org.testng.reporters.JUnitReportReporter -->
<testsuite name="samplepackage.ChromeBrowser" tests="1" time="2.442" ignored="0" failures="0" timestamp="18 Dec 2017 09:16:09 GMT" skipped="0" hostname="Gsshyd-ws-72d" errors="0">
  <testcase name="pageTitleInBrowser" time="2.442" classname="samplepackage.ChromeBrowser"/>
</testsuite> <!-- samplepackage.ChromeBrowser -->
