<?xml version="1.0" encoding="UTF-8"?>
<!-- Generated by org.testng.reporters.JUnitReportReporter -->
<testsuite name="samplepackage.JSClick" tests="1" time="18.190" ignored="0" failures="0" timestamp="18 Dec 2017 10:00:00 GMT" skipped="0" hostname="Gsshyd-ws-72d" errors="0">
  <testcase name="testClick" time="18.190" classname="samplepackage.JSClick"/>
</testsuite> <!-- samplepackage.JSClick -->
